Using pre-set license
Built from '2020.3/release' branch; Version is '2020.3.2f1 (8fd9074bf66c) revision 9427207'; Using compiler version '192528614'; Build Type 'Release'
OS: 'Windows 10 Home Single Language; OS build 19041.928; Version 2004; 64bit' Language: 'en' Physical Memory: 15731 MB
BatchMode: 1, IsHumanControllingUs: 0, StartBugReporterOnCrash: 0, Is64bit: 1, IsPro: 0

 COMMAND LINE ARGUMENTS:
C:\Program Files\Unity\Hub\Editor\2020.3.2f1\Editor\Unity.exe
-adb2
-batchMode
-noUpm
-name
AssetImportWorker0
-projectPath
D:/finalyear project/final-year-project
-logFile
Logs/AssetImportWorker0.log
-srvPort
65240
Successfully changed project path to: D:/finalyear project/final-year-project
D:/finalyear project/final-year-project
Using Asset Import Pipeline V2.
Refreshing native plugins compatible for Editor in 21.38 ms, found 0 plugins.
Preloading 0 native plugins for Editor in 0.00 ms.
Initialize engine version: 2020.3.2f1 (8fd9074bf66c)
[Subsystems] Discovering subsystems at path C:/Program Files/Unity/Hub/Editor/2020.3.2f1/Editor/Data/Resources/UnitySubsystems
[Subsystems] Discovering subsystems at path D:/finalyear project/final-year-project/Assets
GfxDevice: creating device client; threaded=0
Direct3D:
    Version:  Direct3D 11.0 [level 11.1]
    Renderer: NVIDIA GeForce RTX 2060 (ID=0x1f15)
    Vendor:   
    VRAM:     5980 MB
    Driver:   27.21.14.6611
Initialize mono
Mono path[0] = 'C:/Program Files/Unity/Hub/Editor/2020.3.2f1/Editor/Data/Managed'
Mono path[1] = 'C:/Program Files/Unity/Hub/Editor/2020.3.2f1/Editor/Data/MonoBleedingEdge/lib/mono/unityjit'
Mono config path = 'C:/Program Files/Unity/Hub/Editor/2020.3.2f1/Editor/Data/MonoBleedingEdge/etc'
Using monoOptions --debugger-agent=transport=dt_socket,embedding=1,server=y,suspend=n,address=127.0.0.1:56680
Begin MonoManager ReloadAssembly
Registering precompiled unity dll's ...
Register platform support module: C:/Program Files/Unity/Hub/Editor/2020.3.2f1/Editor/Data/PlaybackEngines/MacStandaloneSupport/UnityEditor.OSXStandalone.Extensions.dll
Register platform support module: C:/Program Files/Unity/Hub/Editor/2020.3.2f1/Editor/Data/PlaybackEngines/WindowsStandaloneSupport/UnityEditor.WindowsStandalone.Extensions.dll
Register platform support module: C:/Program Files/Unity/Hub/Editor/2020.3.2f1/Editor/Data/PlaybackEngines/LinuxStandaloneSupport/UnityEditor.LinuxStandalone.Extensions.dll
Registered in 0.002844 seconds.
Native extension for LinuxStandalone target not found
Native extension for WindowsStandalone target not found
Native extension for OSXStandalone target not found
Refreshing native plugins compatible for Editor in 21.16 ms, found 0 plugins.
Preloading 0 native plugins for Editor in 0.00 ms.
Invoked RoslynAnalysisRunner static constructor.
RoslynAnalysisRunner will not be running.
RoslynAnalysisRunner has terminated.
Mono: successfully reloaded assembly
- Completed reload, in  1.000 seconds
Platform modules already initialized, skipping
Registering precompiled user dll's ...
Registered in 0.000555 seconds.
Begin MonoManager ReloadAssembly
Native extension for LinuxStandalone target not found
Native extension for WindowsStandalone target not found
Native extension for OSXStandalone target not found
Refreshing native plugins compatible for Editor in 0.22 ms, found 0 plugins.
Preloading 0 native plugins for Editor in 0.00 ms.
Invoked RoslynAnalysisRunner static constructor.
RoslynAnalysisRunner will not be running.
RoslynAnalysisRunner has terminated.
Mono: successfully reloaded assembly
- Completed reload, in  0.673 seconds
Platform modules already initialized, skipping
========================================================================
Worker process is ready to serve import requests
Launched and connected shader compiler UnityShaderCompiler.exe after 0.05 seconds
Refreshing native plugins compatible for Editor in 0.20 ms, found 0 plugins.
Preloading 0 native plugins for Editor in 0.00 ms.
Unloading 1123 Unused Serialized files (Serialized files now loaded: 0)
System memory in use before: 58.1 MB.
System memory in use after: 58.2 MB.

Unloading 10 unused Assets to reduce memory usage. Loaded Objects now: 1568.
Total: 2.029900 ms (FindLiveObjects: 0.246200 ms CreateObjectMapping: 0.071100 ms MarkObjects: 1.635000 ms  DeleteObjects: 0.075600 ms)

========================================================================
Received Import Request.
  path: Assets/Skybox/Materials/Skybox_Sunset.mat
  artifactKey: Guid(4067de1a02072244798361060c5e7325) Importer(815301076,1909f56bfc062723c751e8b465ee728b)
Start importing Assets/Skybox/Materials/Skybox_Sunset.mat using Guid(4067de1a02072244798361060c5e7325) Importer(815301076,1909f56bfc062723c751e8b465ee728b)  -> (artifact id: 'ef54887173e2eea34f4000960e4af2f7') in 0.145273 seconds
  Import took 0.149194 seconds .

========================================================================
Received Import Request.
  Time since last request: 0.000272 seconds.
  path: Assets/Skybox/Materials/Skybox_Daytime.mat
  artifactKey: Guid(71f14a2d79f732f4d9893ef1b911f4ff) Importer(815301076,1909f56bfc062723c751e8b465ee728b)
Start importing Assets/Skybox/Materials/Skybox_Daytime.mat using Guid(71f14a2d79f732f4d9893ef1b911f4ff) Importer(815301076,1909f56bfc062723c751e8b465ee728b)  -> (artifact id: '4aa9335d526662a26457e5cda7147bc6') in 0.038708 seconds
  Import took 0.042264 seconds .

========================================================================
Received Import Request.
  Time since last request: 0.000230 seconds.
  path: Assets/Skybox/Materials
  artifactKey: Guid(c24b7eb175a60b744b7defb86dbc1722) Importer(815301076,1909f56bfc062723c751e8b465ee728b)
Start importing Assets/Skybox/Materials using Guid(c24b7eb175a60b744b7defb86dbc1722) Importer(815301076,1909f56bfc062723c751e8b465ee728b)  -> (artifact id: '548fe15ce405a7d2bea2262f339f0b1d') in 0.001504 seconds
  Import took 0.003869 seconds .

========================================================================
Received Import Request.
  Time since last request: 21.620175 seconds.
  path: Assets/Skybox/Scene
  artifactKey: Guid(570cba0f0f14e2c41a3870c6e4989832) Importer(815301076,1909f56bfc062723c751e8b465ee728b)
Start importing Assets/Skybox/Scene using Guid(570cba0f0f14e2c41a3870c6e4989832) Importer(815301076,1909f56bfc062723c751e8b465ee728b)  -> (artifact id: 'ea3aa101cd17cc2e32a6e71f4324422d') in 0.001725 seconds
  Import took 0.003702 seconds .

========================================================================
Received Import Request.
  Time since last request: 1.076521 seconds.
  path: Assets/Skybox/Scene/mainScene.unity
  artifactKey: Guid(7540eab4397561d4cb2a37cb06761818) Importer(815301076,1909f56bfc062723c751e8b465ee728b)
Start importing Assets/Skybox/Scene/mainScene.unity using Guid(7540eab4397561d4cb2a37cb06761818) Importer(815301076,1909f56bfc062723c751e8b465ee728b)  -> (artifact id: '06057b1b9d501b4dfffe26e813134f85') in 0.002377 seconds
  Import took 0.005319 seconds .

