Using pre-set license
Built from '2020.3/release' branch; Version is '2020.3.2f1 (8fd9074bf66c) revision 9427207'; Using compiler version '192528614'; Build Type 'Release'
OS: 'Windows 10 Home Single Language; OS build 19041.928; Version 2004; 64bit' Language: 'en' Physical Memory: 15731 MB
BatchMode: 1, IsHumanControllingUs: 0, StartBugReporterOnCrash: 0, Is64bit: 1, IsPro: 0

 COMMAND LINE ARGUMENTS:
C:\Program Files\Unity\Hub\Editor\2020.3.2f1\Editor\Unity.exe
-adb2
-batchMode
-noUpm
-name
AssetImportWorker0
-projectPath
D:/finalyear project/final-year-project
-logFile
Logs/AssetImportWorker0.log
-srvPort
51929
Successfully changed project path to: D:/finalyear project/final-year-project
D:/finalyear project/final-year-project
Using Asset Import Pipeline V2.
Refreshing native plugins compatible for Editor in 32.06 ms, found 0 plugins.
Preloading 0 native plugins for Editor in 0.00 ms.
Initialize engine version: 2020.3.2f1 (8fd9074bf66c)
[Subsystems] Discovering subsystems at path C:/Program Files/Unity/Hub/Editor/2020.3.2f1/Editor/Data/Resources/UnitySubsystems
[Subsystems] Discovering subsystems at path D:/finalyear project/final-year-project/Assets
GfxDevice: creating device client; threaded=0
Direct3D:
    Version:  Direct3D 11.0 [level 11.1]
    Renderer: NVIDIA GeForce RTX 2060 (ID=0x1f15)
    Vendor:   
    VRAM:     5980 MB
    Driver:   27.21.14.6611
Initialize mono
Mono path[0] = 'C:/Program Files/Unity/Hub/Editor/2020.3.2f1/Editor/Data/Managed'
Mono path[1] = 'C:/Program Files/Unity/Hub/Editor/2020.3.2f1/Editor/Data/MonoBleedingEdge/lib/mono/unityjit'
Mono config path = 'C:/Program Files/Unity/Hub/Editor/2020.3.2f1/Editor/Data/MonoBleedingEdge/etc'
Using monoOptions --debugger-agent=transport=dt_socket,embedding=1,server=y,suspend=n,address=127.0.0.1:56948
Begin MonoManager ReloadAssembly
Registering precompiled unity dll's ...
Register platform support module: C:/Program Files/Unity/Hub/Editor/2020.3.2f1/Editor/Data/PlaybackEngines/MacStandaloneSupport/UnityEditor.OSXStandalone.Extensions.dll
Register platform support module: C:/Program Files/Unity/Hub/Editor/2020.3.2f1/Editor/Data/PlaybackEngines/WindowsStandaloneSupport/UnityEditor.WindowsStandalone.Extensions.dll
Register platform support module: C:/Program Files/Unity/Hub/Editor/2020.3.2f1/Editor/Data/PlaybackEngines/LinuxStandaloneSupport/UnityEditor.LinuxStandalone.Extensions.dll
Registered in 0.003004 seconds.
Native extension for LinuxStandalone target not found
Native extension for WindowsStandalone target not found
Native extension for OSXStandalone target not found
Refreshing native plugins compatible for Editor in 33.57 ms, found 0 plugins.
Preloading 0 native plugins for Editor in 0.00 ms.
Invoked RoslynAnalysisRunner static constructor.
RoslynAnalysisRunner will not be running.
RoslynAnalysisRunner has terminated.
Mono: successfully reloaded assembly
- Completed reload, in  1.105 seconds
Platform modules already initialized, skipping
Registering precompiled user dll's ...
Registered in 0.000739 seconds.
Begin MonoManager ReloadAssembly
Native extension for LinuxStandalone target not found
Native extension for WindowsStandalone target not found
Native extension for OSXStandalone target not found
Refreshing native plugins compatible for Editor in 0.34 ms, found 0 plugins.
Preloading 0 native plugins for Editor in 0.00 ms.
Invoked RoslynAnalysisRunner static constructor.
RoslynAnalysisRunner will not be running.
RoslynAnalysisRunner has terminated.
Mono: successfully reloaded assembly
- Completed reload, in  0.719 seconds
Platform modules already initialized, skipping
========================================================================
Worker process is ready to serve import requests
Launched and connected shader compiler UnityShaderCompiler.exe after 0.05 seconds
Refreshing native plugins compatible for Editor in 0.35 ms, found 0 plugins.
Preloading 0 native plugins for Editor in 0.00 ms.
Unloading 1519 Unused Serialized files (Serialized files now loaded: 0)
System memory in use before: 92.9 MB.
System memory in use after: 93.0 MB.

Unloading 10 unused Assets to reduce memory usage. Loaded Objects now: 1981.
Total: 2.422900 ms (FindLiveObjects: 0.192000 ms CreateObjectMapping: 0.033000 ms MarkObjects: 2.102400 ms  DeleteObjects: 0.094000 ms)

========================================================================
Received Import Request.
  path: Assets/Scenes/p1vv3.unity
  artifactKey: Guid(9010d779bcae87b4d8dd68ae5eec1d9e) Importer(815301076,1909f56bfc062723c751e8b465ee728b)
Start importing Assets/Scenes/p1vv3.unity using Guid(9010d779bcae87b4d8dd68ae5eec1d9e) Importer(815301076,1909f56bfc062723c751e8b465ee728b)  -> (artifact id: 'dd0d9e157a122bc83dc4503724d3ad90') in 0.010327 seconds
  Import took 0.018320 seconds .

========================================================================
Received Import Request.
  Time since last request: 2.713571 seconds.
  path: Assets/Scenes/p1vv2 1.unity
  artifactKey: Guid(695bb483c1c683e41b78f5d3c3152fc3) Importer(815301076,1909f56bfc062723c751e8b465ee728b)
Start importing Assets/Scenes/p1vv2 1.unity using Guid(695bb483c1c683e41b78f5d3c3152fc3) Importer(815301076,1909f56bfc062723c751e8b465ee728b)  -> (artifact id: '83a9e97834803d248f5ff34015c250d0') in 0.002119 seconds
  Import took 0.005341 seconds .

========================================================================
Received Import Request.
  Time since last request: 0.001341 seconds.
  path: Assets/Scenes/p1vv2 1.unity
  artifactKey: Guid(695bb483c1c683e41b78f5d3c3152fc3) Importer(815301076,1909f56bfc062723c751e8b465ee728b)
Start importing Assets/Scenes/p1vv2 1.unity using Guid(695bb483c1c683e41b78f5d3c3152fc3) Importer(815301076,1909f56bfc062723c751e8b465ee728b)  -> (artifact id: '83a9e97834803d248f5ff34015c250d0') in 0.001938 seconds
  Import took 0.004956 seconds .

========================================================================
Received Import Request.
  Time since last request: 2.750966 seconds.
  path: Assets/Scenes/p1vv4.unity
  artifactKey: Guid(9fc0d4010bbf28b4594072e72b8655ab) Importer(815301076,1909f56bfc062723c751e8b465ee728b)
Start importing Assets/Scenes/p1vv4.unity using Guid(9fc0d4010bbf28b4594072e72b8655ab) Importer(815301076,1909f56bfc062723c751e8b465ee728b)  -> (artifact id: 'fa22d134b494f387a7ed2075c3ebe7ea') in 0.001922 seconds
  Import took 0.004949 seconds .

========================================================================
Received Import Request.
  Time since last request: 1.019337 seconds.
  path: Assets/Scenes/p1vv4 1.unity
  artifactKey: Guid(26d2417badc935047a7dc642915e2324) Importer(815301076,1909f56bfc062723c751e8b465ee728b)
Start importing Assets/Scenes/p1vv4 1.unity using Guid(26d2417badc935047a7dc642915e2324) Importer(815301076,1909f56bfc062723c751e8b465ee728b)  -> (artifact id: 'ae1cdad88ae8ee49c66676a756573a9d') in 0.002280 seconds
  Import took 0.005871 seconds .

========================================================================
Received Import Request.
  Time since last request: 11.248559 seconds.
  path: Assets/Scenes/p1v2.unity
  artifactKey: Guid(26d2417badc935047a7dc642915e2324) Importer(815301076,1909f56bfc062723c751e8b465ee728b)
Start importing Assets/Scenes/p1v2.unity using Guid(26d2417badc935047a7dc642915e2324) Importer(815301076,1909f56bfc062723c751e8b465ee728b)  -> (artifact id: '7ccfeb654b5d92c7436a975eac925168') in 0.002606 seconds
  Import took 0.005007 seconds .

========================================================================
Received Import Request.
  Time since last request: 11.020681 seconds.
  path: Assets/Scenes/p1v1.unity
  artifactKey: Guid(26d2417badc935047a7dc642915e2324) Importer(815301076,1909f56bfc062723c751e8b465ee728b)
Start importing Assets/Scenes/p1v1.unity using Guid(26d2417badc935047a7dc642915e2324) Importer(815301076,1909f56bfc062723c751e8b465ee728b)  -> (artifact id: 'df9d923d22f7f0ff863982c2c3be2e04') in 0.002597 seconds
  Import took 0.005702 seconds .

========================================================================
Received Import Request.
  Time since last request: 32.595061 seconds.
  path: Assets/Scenes/p1v1.unity
  artifactKey: Guid(26d2417badc935047a7dc642915e2324) Importer(815301076,1909f56bfc062723c751e8b465ee728b)
Start importing Assets/Scenes/p1v1.unity using Guid(26d2417badc935047a7dc642915e2324) Importer(815301076,1909f56bfc062723c751e8b465ee728b)  -> (artifact id: 'dde71278924a49aef1e4f6dbc3371c39') in 0.002032 seconds
  Import took 0.004381 seconds .

========================================================================
Received Import Request.
  Time since last request: 5.217111 seconds.
  path: Assets/Scenes/p1vv4 1.unity
  artifactKey: Guid(2598ef4799ff4474db355b3165df2020) Importer(815301076,1909f56bfc062723c751e8b465ee728b)
Start importing Assets/Scenes/p1vv4 1.unity using Guid(2598ef4799ff4474db355b3165df2020) Importer(815301076,1909f56bfc062723c751e8b465ee728b)  -> (artifact id: 'dd4a1ffccfa93a0e412c84b82bd82955') in 0.002006 seconds
  Import took 0.004333 seconds .

========================================================================
Received Import Request.
  Time since last request: 8.547747 seconds.
  path: Assets/Scenes/p1v2.unity
  artifactKey: Guid(2598ef4799ff4474db355b3165df2020) Importer(815301076,1909f56bfc062723c751e8b465ee728b)
Start importing Assets/Scenes/p1v2.unity using Guid(2598ef4799ff4474db355b3165df2020) Importer(815301076,1909f56bfc062723c751e8b465ee728b)  -> (artifact id: '37ac08a0bfe0ece60b21f8245807e041') in 0.002347 seconds
  Import took 0.005958 seconds .

========================================================================
Received Prepare
Registering precompiled user dll's ...
Registered in 0.000720 seconds.
Begin MonoManager ReloadAssembly
Native extension for LinuxStandalone target not found
Native extension for WindowsStandalone target not found
Native extension for OSXStandalone target not found
Refreshing native plugins compatible for Editor in 0.35 ms, found 0 plugins.
Preloading 0 native plugins for Editor in 0.00 ms.
Invoked RoslynAnalysisRunner static constructor.
RoslynAnalysisRunner will not be running.
RoslynAnalysisRunner has terminated.
Mono: successfully reloaded assembly
- Completed reload, in  0.665 seconds
Platform modules already initialized, skipping
Refreshing native plugins compatible for Editor in 0.37 ms, found 0 plugins.
Preloading 0 native plugins for Editor in 0.00 ms.
Unloading 1500 Unused Serialized files (Serialized files now loaded: 0)
System memory in use before: 91.5 MB.
System memory in use after: 91.5 MB.

Unloading 5 unused Assets to reduce memory usage. Loaded Objects now: 1984.
Total: 2.715000 ms (FindLiveObjects: 0.232300 ms CreateObjectMapping: 0.068200 ms MarkObjects: 2.332100 ms  DeleteObjects: 0.080300 ms)

========================================================================
Received Prepare
Registering precompiled user dll's ...
Registered in 0.000712 seconds.
Begin MonoManager ReloadAssembly
Native extension for LinuxStandalone target not found
Native extension for WindowsStandalone target not found
Native extension for OSXStandalone target not found
Refreshing native plugins compatible for Editor in 0.34 ms, found 0 plugins.
Preloading 0 native plugins for Editor in 0.00 ms.
Invoked RoslynAnalysisRunner static constructor.
RoslynAnalysisRunner will not be running.
RoslynAnalysisRunner has terminated.
Mono: successfully reloaded assembly
- Completed reload, in  0.660 seconds
Platform modules already initialized, skipping
Refreshing native plugins compatible for Editor in 0.34 ms, found 0 plugins.
Preloading 0 native plugins for Editor in 0.00 ms.
Unloading 1500 Unused Serialized files (Serialized files now loaded: 0)
System memory in use before: 91.5 MB.
System memory in use after: 91.6 MB.

Unloading 5 unused Assets to reduce memory usage. Loaded Objects now: 1987.
Total: 2.383100 ms (FindLiveObjects: 0.220100 ms CreateObjectMapping: 0.063200 ms MarkObjects: 2.022100 ms  DeleteObjects: 0.076100 ms)

========================================================================
Received Import Request.
  Time since last request: 409.451387 seconds.
  path: Assets/Scenes/p1v3.unity
  artifactKey: Guid(9fc0d4010bbf28b4594072e72b8655ab) Importer(815301076,1909f56bfc062723c751e8b465ee728b)
Start importing Assets/Scenes/p1v3.unity using Guid(9fc0d4010bbf28b4594072e72b8655ab) Importer(815301076,1909f56bfc062723c751e8b465ee728b)  -> (artifact id: 'efa82f5b77975798242865d1813fefd3') in 0.008136 seconds
  Import took 0.010820 seconds .

========================================================================
Received Prepare
Registering precompiled user dll's ...
Registered in 0.000761 seconds.
Begin MonoManager ReloadAssembly
Native extension for LinuxStandalone target not found
Native extension for WindowsStandalone target not found
Native extension for OSXStandalone target not found
Refreshing native plugins compatible for Editor in 0.35 ms, found 0 plugins.
Preloading 0 native plugins for Editor in 0.00 ms.
Invoked RoslynAnalysisRunner static constructor.
RoslynAnalysisRunner will not be running.
RoslynAnalysisRunner has terminated.
Mono: successfully reloaded assembly
- Completed reload, in  0.697 seconds
Platform modules already initialized, skipping
Refreshing native plugins compatible for Editor in 0.39 ms, found 0 plugins.
Preloading 0 native plugins for Editor in 0.00 ms.
Unloading 1500 Unused Serialized files (Serialized files now loaded: 0)
System memory in use before: 91.5 MB.
System memory in use after: 91.6 MB.

Unloading 5 unused Assets to reduce memory usage. Loaded Objects now: 1990.
Total: 2.662700 ms (FindLiveObjects: 0.209900 ms CreateObjectMapping: 0.035500 ms MarkObjects: 2.327900 ms  DeleteObjects: 0.087400 ms)

========================================================================
Received Prepare
Registering precompiled user dll's ...
Registered in 0.000755 seconds.
Begin MonoManager ReloadAssembly
Native extension for LinuxStandalone target not found
Native extension for WindowsStandalone target not found
Native extension for OSXStandalone target not found
Refreshing native plugins compatible for Editor in 0.47 ms, found 0 plugins.
Preloading 0 native plugins for Editor in 0.00 ms.
Invoked RoslynAnalysisRunner static constructor.
RoslynAnalysisRunner will not be running.
RoslynAnalysisRunner has terminated.
Mono: successfully reloaded assembly
- Completed reload, in  0.672 seconds
Platform modules already initialized, skipping
Refreshing native plugins compatible for Editor in 0.33 ms, found 0 plugins.
Preloading 0 native plugins for Editor in 0.00 ms.
Unloading 1500 Unused Serialized files (Serialized files now loaded: 0)
System memory in use before: 91.5 MB.
System memory in use after: 91.6 MB.

Unloading 5 unused Assets to reduce memory usage. Loaded Objects now: 1993.
Total: 2.598600 ms (FindLiveObjects: 0.231500 ms CreateObjectMapping: 0.071600 ms MarkObjects: 2.218100 ms  DeleteObjects: 0.075700 ms)

========================================================================
Received Prepare
Registering precompiled user dll's ...
Registered in 0.000731 seconds.
Begin MonoManager ReloadAssembly
Native extension for LinuxStandalone target not found
Native extension for WindowsStandalone target not found
Native extension for OSXStandalone target not found
Refreshing native plugins compatible for Editor in 0.36 ms, found 0 plugins.
Preloading 0 native plugins for Editor in 0.00 ms.
Invoked RoslynAnalysisRunner static constructor.
RoslynAnalysisRunner will not be running.
RoslynAnalysisRunner has terminated.
Mono: successfully reloaded assembly
- Completed reload, in  0.661 seconds
Platform modules already initialized, skipping
Refreshing native plugins compatible for Editor in 0.33 ms, found 0 plugins.
Preloading 0 native plugins for Editor in 0.00 ms.
Unloading 1500 Unused Serialized files (Serialized files now loaded: 0)
System memory in use before: 91.5 MB.
System memory in use after: 91.6 MB.

Unloading 5 unused Assets to reduce memory usage. Loaded Objects now: 1996.
Total: 2.317000 ms (FindLiveObjects: 0.274200 ms CreateObjectMapping: 0.089100 ms MarkObjects: 1.883000 ms  DeleteObjects: 0.068900 ms)

========================================================================
Received Prepare
Registering precompiled user dll's ...
Registered in 0.000670 seconds.
Begin MonoManager ReloadAssembly
Native extension for LinuxStandalone target not found
Native extension for WindowsStandalone target not found
Native extension for OSXStandalone target not found
Refreshing native plugins compatible for Editor in 0.40 ms, found 0 plugins.
Preloading 0 native plugins for Editor in 0.00 ms.
Invoked RoslynAnalysisRunner static constructor.
RoslynAnalysisRunner will not be running.
RoslynAnalysisRunner has terminated.
Mono: successfully reloaded assembly
- Completed reload, in  0.719 seconds
Platform modules already initialized, skipping
Refreshing native plugins compatible for Editor in 0.33 ms, found 0 plugins.
Preloading 0 native plugins for Editor in 0.00 ms.
Unloading 1500 Unused Serialized files (Serialized files now loaded: 0)
System memory in use before: 91.5 MB.
System memory in use after: 91.6 MB.

Unloading 5 unused Assets to reduce memory usage. Loaded Objects now: 1999.
Total: 2.681400 ms (FindLiveObjects: 0.239800 ms CreateObjectMapping: 0.067200 ms MarkObjects: 2.294000 ms  DeleteObjects: 0.079000 ms)

========================================================================
Received Prepare
Refreshing native plugins compatible for Editor in 0.69 ms, found 0 plugins.
Preloading 0 native plugins for Editor in 0.00 ms.
Unloading 3 Unused Serialized files (Serialized files now loaded: 0)
System memory in use before: 61.7 MB.
System memory in use after: 61.8 MB.

Unloading 3 unused Assets to reduce memory usage. Loaded Objects now: 1999.
Total: 2.350100 ms (FindLiveObjects: 0.190900 ms CreateObjectMapping: 0.034200 ms MarkObjects: 2.052100 ms  DeleteObjects: 0.070800 ms)

========================================================================
Received Prepare
Refreshing native plugins compatible for Editor in 0.77 ms, found 0 plugins.
Preloading 0 native plugins for Editor in 0.00 ms.
Unloading 3 Unused Serialized files (Serialized files now loaded: 0)
System memory in use before: 61.7 MB.
System memory in use after: 61.8 MB.

Unloading 3 unused Assets to reduce memory usage. Loaded Objects now: 1999.
Total: 2.396600 ms (FindLiveObjects: 0.279900 ms CreateObjectMapping: 0.097600 ms MarkObjects: 1.935400 ms  DeleteObjects: 0.081700 ms)

========================================================================
Received Prepare
Registering precompiled user dll's ...
Registered in 0.000745 seconds.
Begin MonoManager ReloadAssembly
Native extension for LinuxStandalone target not found
Native extension for WindowsStandalone target not found
Native extension for OSXStandalone target not found
Refreshing native plugins compatible for Editor in 0.35 ms, found 0 plugins.
Preloading 0 native plugins for Editor in 0.00 ms.
Invoked RoslynAnalysisRunner static constructor.
RoslynAnalysisRunner will not be running.
RoslynAnalysisRunner has terminated.
Mono: successfully reloaded assembly
- Completed reload, in  0.676 seconds
Platform modules already initialized, skipping
Refreshing native plugins compatible for Editor in 0.33 ms, found 0 plugins.
Preloading 0 native plugins for Editor in 0.00 ms.
Unloading 1500 Unused Serialized files (Serialized files now loaded: 0)
System memory in use before: 91.6 MB.
System memory in use after: 91.6 MB.

Unloading 5 unused Assets to reduce memory usage. Loaded Objects now: 2002.
Total: 2.600400 ms (FindLiveObjects: 0.271900 ms CreateObjectMapping: 0.047200 ms MarkObjects: 2.206200 ms  DeleteObjects: 0.073100 ms)

========================================================================
Received Prepare
Refreshing native plugins compatible for Editor in 0.69 ms, found 0 plugins.
Preloading 0 native plugins for Editor in 0.00 ms.
Unloading 3 Unused Serialized files (Serialized files now loaded: 0)
System memory in use before: 61.7 MB.
System memory in use after: 61.8 MB.

Unloading 3 unused Assets to reduce memory usage. Loaded Objects now: 2002.
Total: 2.647700 ms (FindLiveObjects: 0.430200 ms CreateObjectMapping: 0.134400 ms MarkObjects: 2.005600 ms  DeleteObjects: 0.075500 ms)

========================================================================
Received Prepare
Registering precompiled user dll's ...
Registered in 0.000716 seconds.
Begin MonoManager ReloadAssembly
Native extension for LinuxStandalone target not found
Native extension for WindowsStandalone target not found
Native extension for OSXStandalone target not found
Refreshing native plugins compatible for Editor in 0.34 ms, found 0 plugins.
Preloading 0 native plugins for Editor in 0.00 ms.
Invoked RoslynAnalysisRunner static constructor.
RoslynAnalysisRunner will not be running.
RoslynAnalysisRunner has terminated.
Mono: successfully reloaded assembly
- Completed reload, in  0.661 seconds
Platform modules already initialized, skipping
Refreshing native plugins compatible for Editor in 0.33 ms, found 0 plugins.
Preloading 0 native plugins for Editor in 0.00 ms.
Unloading 1500 Unused Serialized files (Serialized files now loaded: 0)
System memory in use before: 91.6 MB.
System memory in use after: 91.6 MB.

Unloading 5 unused Assets to reduce memory usage. Loaded Objects now: 2005.
Total: 2.510700 ms (FindLiveObjects: 0.584100 ms CreateObjectMapping: 0.093200 ms MarkObjects: 1.759400 ms  DeleteObjects: 0.071500 ms)

========================================================================
Received Prepare
Registering precompiled user dll's ...
Registered in 0.000697 seconds.
Begin MonoManager ReloadAssembly
Native extension for LinuxStandalone target not found
Native extension for WindowsStandalone target not found
Native extension for OSXStandalone target not found
Refreshing native plugins compatible for Editor in 0.34 ms, found 0 plugins.
Preloading 0 native plugins for Editor in 0.00 ms.
Invoked RoslynAnalysisRunner static constructor.
RoslynAnalysisRunner will not be running.
RoslynAnalysisRunner has terminated.
Mono: successfully reloaded assembly
- Completed reload, in  0.689 seconds
Platform modules already initialized, skipping
Refreshing native plugins compatible for Editor in 0.33 ms, found 0 plugins.
Preloading 0 native plugins for Editor in 0.00 ms.
Unloading 1500 Unused Serialized files (Serialized files now loaded: 0)
System memory in use before: 91.6 MB.
System memory in use after: 91.7 MB.

Unloading 5 unused Assets to reduce memory usage. Loaded Objects now: 2008.
Total: 2.588700 ms (FindLiveObjects: 0.526200 ms CreateObjectMapping: 0.093400 ms MarkObjects: 1.892600 ms  DeleteObjects: 0.074900 ms)

========================================================================
Received Import Request.
  Time since last request: 1041.108531 seconds.
  path: Assets/TextMesh Pro/Resources/Fonts & Materials/LiberationSans SDF - Drop Shadow.mat
  artifactKey: Guid(e73a58f6e2794ae7b1b7e50b7fb811b0) Importer(815301076,1909f56bfc062723c751e8b465ee728b)
Start importing Assets/TextMesh Pro/Resources/Fonts & Materials/LiberationSans SDF - Drop Shadow.mat using Guid(e73a58f6e2794ae7b1b7e50b7fb811b0) Importer(815301076,1909f56bfc062723c751e8b465ee728b)  -> (artifact id: '6ca0bec28ccb7b8f5c75f26e43bef63c') in 0.123901 seconds
  Import took 0.126670 seconds .

========================================================================
Received Import Request.
  Time since last request: 0.000241 seconds.
  path: Assets/TextMesh Pro/Resources/Fonts & Materials/LiberationSans SDF - Outline.mat
  artifactKey: Guid(79459efec17a4d00a321bdcc27bbc385) Importer(815301076,1909f56bfc062723c751e8b465ee728b)
Start importing Assets/TextMesh Pro/Resources/Fonts & Materials/LiberationSans SDF - Outline.mat using Guid(79459efec17a4d00a321bdcc27bbc385) Importer(815301076,1909f56bfc062723c751e8b465ee728b)  -> (artifact id: '754ba5e136e47e9d18f7d7166d7f19c5') in 0.023781 seconds
  Import took 0.026256 seconds .

========================================================================
Received Import Request.
  Time since last request: 0.000229 seconds.
  path: Assets/TextMesh Pro/Resources/Fonts & Materials/LiberationSans SDF - Fallback.asset
  artifactKey: Guid(2e498d1c8094910479dc3e1b768306a4) Importer(815301076,1909f56bfc062723c751e8b465ee728b)
Start importing Assets/TextMesh Pro/Resources/Fonts & Materials/LiberationSans SDF - Fallback.asset using Guid(2e498d1c8094910479dc3e1b768306a4) Importer(815301076,1909f56bfc062723c751e8b465ee728b)  -> (artifact id: '5def5caff6e60d871accbe17734aba8c') in 0.033592 seconds
  Import took 0.036107 seconds .

========================================================================
Received Import Request.
  Time since last request: 0.000220 seconds.
  path: Assets/TextMesh Pro/Resources/Fonts & Materials/LiberationSans SDF - Drop Shadow.mat
  artifactKey: Guid(e73a58f6e2794ae7b1b7e50b7fb811b0) Importer(815301076,1909f56bfc062723c751e8b465ee728b)
Start importing Assets/TextMesh Pro/Resources/Fonts & Materials/LiberationSans SDF - Drop Shadow.mat using Guid(e73a58f6e2794ae7b1b7e50b7fb811b0) Importer(815301076,1909f56bfc062723c751e8b465ee728b)  -> (artifact id: '6ca0bec28ccb7b8f5c75f26e43bef63c') in 0.019791 seconds
  Import took 0.022206 seconds .

========================================================================
Received Import Request.
  Time since last request: 0.000298 seconds.
  path: Assets/TextMesh Pro/Resources/Fonts & Materials/LiberationSans SDF.asset
  artifactKey: Guid(8f586378b4e144a9851e7b34d9b748ee) Importer(815301076,1909f56bfc062723c751e8b465ee728b)
Start importing Assets/TextMesh Pro/Resources/Fonts & Materials/LiberationSans SDF.asset using Guid(8f586378b4e144a9851e7b34d9b748ee) Importer(815301076,1909f56bfc062723c751e8b465ee728b)  -> (artifact id: '8ed8f7ce5760ccbbb717e257dc5290da') in 0.030741 seconds
  Import took 0.033017 seconds .

========================================================================
Received Import Request.
  Time since last request: 0.001933 seconds.
  path: Assets/TextMesh Pro/Resources/Fonts & Materials/LiberationSans SDF.asset
  artifactKey: Guid(8f586378b4e144a9851e7b34d9b748ee) Importer(815301076,1909f56bfc062723c751e8b465ee728b)
Start importing Assets/TextMesh Pro/Resources/Fonts & Materials/LiberationSans SDF.asset using Guid(8f586378b4e144a9851e7b34d9b748ee) Importer(815301076,1909f56bfc062723c751e8b465ee728b)  -> (artifact id: '8ed8f7ce5760ccbbb717e257dc5290da') in 0.026473 seconds
  Import took 0.029066 seconds .

========================================================================
Received Prepare
Registering precompiled user dll's ...
Registered in 0.000717 seconds.
Begin MonoManager ReloadAssembly
Native extension for LinuxStandalone target not found
Native extension for WindowsStandalone target not found
Native extension for OSXStandalone target not found
Refreshing native plugins compatible for Editor in 0.34 ms, found 0 plugins.
Preloading 0 native plugins for Editor in 0.00 ms.
Invoked RoslynAnalysisRunner static constructor.
RoslynAnalysisRunner will not be running.
RoslynAnalysisRunner has terminated.
Mono: successfully reloaded assembly
- Completed reload, in  0.663 seconds
Platform modules already initialized, skipping
Refreshing native plugins compatible for Editor in 0.33 ms, found 0 plugins.
Preloading 0 native plugins for Editor in 0.00 ms.
Unloading 1500 Unused Serialized files (Serialized files now loaded: 0)
System memory in use before: 95.0 MB.
System memory in use after: 95.0 MB.

Unloading 5 unused Assets to reduce memory usage. Loaded Objects now: 2054.
Total: 2.820200 ms (FindLiveObjects: 0.381900 ms CreateObjectMapping: 0.080000 ms MarkObjects: 2.288400 ms  DeleteObjects: 0.068500 ms)

========================================================================
Received Import Request.
  Time since last request: 238.402027 seconds.
  path: Assets/TextMesh Pro/Resources/Fonts & Materials/LiberationSans SDF - Fallback.asset
  artifactKey: Guid(2e498d1c8094910479dc3e1b768306a4) Importer(815301076,1909f56bfc062723c751e8b465ee728b)
Start importing Assets/TextMesh Pro/Resources/Fonts & Materials/LiberationSans SDF - Fallback.asset using Guid(2e498d1c8094910479dc3e1b768306a4) Importer(815301076,1909f56bfc062723c751e8b465ee728b)  -> (artifact id: 'ba469cb4787b65b7a0ae786263703e57') in 0.077023 seconds
  Import took 0.080140 seconds .

========================================================================
Received Import Request.
  Time since last request: 298.577971 seconds.
  path: Assets/Modern UI Pack/Fonts/OpenSans-Bold SDF.asset
  artifactKey: Guid(fa328c1ae3ffb6b4583cf371153b0be6) Importer(815301076,1909f56bfc062723c751e8b465ee728b)
Start importing Assets/Modern UI Pack/Fonts/OpenSans-Bold SDF.asset using Guid(fa328c1ae3ffb6b4583cf371153b0be6) Importer(815301076,1909f56bfc062723c751e8b465ee728b)  -> (artifact id: '2fb3758d429ffb8d596fd2d089ae32b3') in 0.034541 seconds
  Import took 0.037574 seconds .

========================================================================
Received Import Request.
  Time since last request: 0.000325 seconds.
  path: Assets/Modern UI Pack/Fonts/OpenSans-ExtraBoldItalic SDF.asset
  artifactKey: Guid(e4041c94a2181b243bd1912946bfbe63) Importer(815301076,1909f56bfc062723c751e8b465ee728b)
Start importing Assets/Modern UI Pack/Fonts/OpenSans-ExtraBoldItalic SDF.asset using Guid(e4041c94a2181b243bd1912946bfbe63) Importer(815301076,1909f56bfc062723c751e8b465ee728b)  -> (artifact id: '43b1e77f136e82537b95b7fddfe4283e') in 0.018769 seconds
  Import took 0.021364 seconds .

========================================================================
Received Import Request.
  Time since last request: 0.000370 seconds.
  path: Assets/Modern UI Pack/Fonts/OpenSans-Italic SDF.asset
  artifactKey: Guid(ff92caddbdea54743a04dda78cc41035) Importer(815301076,1909f56bfc062723c751e8b465ee728b)
Start importing Assets/Modern UI Pack/Fonts/OpenSans-Italic SDF.asset using Guid(ff92caddbdea54743a04dda78cc41035) Importer(815301076,1909f56bfc062723c751e8b465ee728b)  -> (artifact id: '2fa69cf25c23e41075e8dd5994a766aa') in 0.047278 seconds
  Import took 0.050657 seconds .

========================================================================
Received Import Request.
  Time since last request: 0.000319 seconds.
  path: Assets/Modern UI Pack/Fonts/OpenSans-Regular SDF.asset
  artifactKey: Guid(4bd810f1cbcb0f446a8f5a31453e243f) Importer(815301076,1909f56bfc062723c751e8b465ee728b)
Start importing Assets/Modern UI Pack/Fonts/OpenSans-Regular SDF.asset using Guid(4bd810f1cbcb0f446a8f5a31453e243f) Importer(815301076,1909f56bfc062723c751e8b465ee728b)  -> (artifact id: '6ffc733c14a09198baffb9b45390dc7c') in 0.041347 seconds
  Import took 0.044916 seconds .

========================================================================
Received Import Request.
  Time since last request: 0.000377 seconds.
  path: Assets/Modern UI Pack/Fonts/OpenSans-ExtraBoldItalic.ttf
  artifactKey: Guid(c544611140675b344bb8907cda0abaa2) Importer(815301076,1909f56bfc062723c751e8b465ee728b)
Start importing Assets/Modern UI Pack/Fonts/OpenSans-ExtraBoldItalic.ttf using Guid(c544611140675b344bb8907cda0abaa2) Importer(815301076,1909f56bfc062723c751e8b465ee728b)  -> (artifact id: '41b9c02ba07a9ac8050b2405feaaaa71') in 0.020846 seconds
  Import took 0.023330 seconds .

========================================================================
Received Import Request.
  Time since last request: 0.000213 seconds.
  path: Assets/Modern UI Pack/Fonts/OpenSans-Light SDF.asset
  artifactKey: Guid(2f17e8bb3967fe14093d5fec798fffd9) Importer(815301076,1909f56bfc062723c751e8b465ee728b)
Start importing Assets/Modern UI Pack/Fonts/OpenSans-Light SDF.asset using Guid(2f17e8bb3967fe14093d5fec798fffd9) Importer(815301076,1909f56bfc062723c751e8b465ee728b)  -> (artifact id: '6071459f9b0a0de4dd7179120688c212') in 0.047176 seconds
  Import took 0.049854 seconds .

========================================================================
Received Import Request.
  Time since last request: 0.000318 seconds.
  path: Assets/Modern UI Pack/Fonts/OpenSans-Light.ttf
  artifactKey: Guid(9c8fd042b7bad3647aacece9e796fdf7) Importer(815301076,1909f56bfc062723c751e8b465ee728b)
Start importing Assets/Modern UI Pack/Fonts/OpenSans-Light.ttf using Guid(9c8fd042b7bad3647aacece9e796fdf7) Importer(815301076,1909f56bfc062723c751e8b465ee728b)  -> (artifact id: '075ed2a39cea2af3cebb5dbdd999ef95') in 0.012835 seconds
  Import took 0.015246 seconds .

========================================================================
Received Import Request.
  Time since last request: 0.000284 seconds.
  path: Assets/Modern UI Pack/Fonts/OpenSans-SemiboldItalic SDF.asset
  artifactKey: Guid(e5fa6cba27f1b7a47838db200baa1556) Importer(815301076,1909f56bfc062723c751e8b465ee728b)
Start importing Assets/Modern UI Pack/Fonts/OpenSans-SemiboldItalic SDF.asset using Guid(e5fa6cba27f1b7a47838db200baa1556) Importer(815301076,1909f56bfc062723c751e8b465ee728b)  -> (artifact id: '690073c0ceeced46e0c9314ce5b5c8e6') in 0.025931 seconds
  Import took 0.028372 seconds .

========================================================================
Received Import Request.
  Time since last request: 0.000235 seconds.
  path: Assets/Modern UI Pack/Fonts/OpenSans-BoldItalic SDF.asset
  artifactKey: Guid(b03b7a4c74cd6294ca732f49684716ee) Importer(815301076,1909f56bfc062723c751e8b465ee728b)
Start importing Assets/Modern UI Pack/Fonts/OpenSans-BoldItalic SDF.asset using Guid(b03b7a4c74cd6294ca732f49684716ee) Importer(815301076,1909f56bfc062723c751e8b465ee728b)  -> (artifact id: '30fd4e7d86287a8201c19da3104c069e') in 0.024865 seconds
  Import took 0.027243 seconds .

========================================================================
Received Import Request.
  Time since last request: 0.000250 seconds.
  path: Assets/Modern UI Pack/Fonts/OpenSans-LightItalic SDF.asset
  artifactKey: Guid(d10d3fbe67cb68d41930a013bc4e2e43) Importer(815301076,1909f56bfc062723c751e8b465ee728b)
Start importing Assets/Modern UI Pack/Fonts/OpenSans-LightItalic SDF.asset using Guid(d10d3fbe67cb68d41930a013bc4e2e43) Importer(815301076,1909f56bfc062723c751e8b465ee728b)  -> (artifact id: 'de19d4a9468a1897655b55d34ba273c2') in 0.035480 seconds
  Import took 0.037978 seconds .

========================================================================
Received Import Request.
  Time since last request: 0.000252 seconds.
  path: Assets/Modern UI Pack/Fonts/OpenSans-LightItalic.ttf
  artifactKey: Guid(9985919b04d78b04ba8451808f2bc34d) Importer(815301076,1909f56bfc062723c751e8b465ee728b)
Start importing Assets/Modern UI Pack/Fonts/OpenSans-LightItalic.ttf using Guid(9985919b04d78b04ba8451808f2bc34d) Importer(815301076,1909f56bfc062723c751e8b465ee728b)  -> (artifact id: 'f07ff6a90b690d46bf3b23a6bfdb5065') in 0.013878 seconds
  Import took 0.017045 seconds .

========================================================================
Received Import Request.
  Time since last request: 0.000240 seconds.
  path: Assets/Modern UI Pack/Fonts/OpenSans-Semibold SDF.asset
  artifactKey: Guid(84dd14695854bbc43a5faa24fcf93d0d) Importer(815301076,1909f56bfc062723c751e8b465ee728b)
Start importing Assets/Modern UI Pack/Fonts/OpenSans-Semibold SDF.asset using Guid(84dd14695854bbc43a5faa24fcf93d0d) Importer(815301076,1909f56bfc062723c751e8b465ee728b)  -> (artifact id: 'bdbcb34e980d1e307238423def872dd1') in 0.040485 seconds
  Import took 0.043123 seconds .

========================================================================
Received Import Request.
  Time since last request: 0.000302 seconds.
  path: Assets/Modern UI Pack/Fonts/OpenSans-Bold SDF.asset
  artifactKey: Guid(fa328c1ae3ffb6b4583cf371153b0be6) Importer(815301076,1909f56bfc062723c751e8b465ee728b)
Start importing Assets/Modern UI Pack/Fonts/OpenSans-Bold SDF.asset using Guid(fa328c1ae3ffb6b4583cf371153b0be6) Importer(815301076,1909f56bfc062723c751e8b465ee728b)  -> (artifact id: '2fb3758d429ffb8d596fd2d089ae32b3') in 0.035196 seconds
  Import took 0.037565 seconds .

========================================================================
Received Import Request.
  Time since last request: 0.000253 seconds.
  path: Assets/Modern UI Pack/Fonts/OpenSans-ExtraBold SDF.asset
  artifactKey: Guid(ca60657c190bc8c4e89dfb3e23d76209) Importer(815301076,1909f56bfc062723c751e8b465ee728b)
Start importing Assets/Modern UI Pack/Fonts/OpenSans-ExtraBold SDF.asset using Guid(ca60657c190bc8c4e89dfb3e23d76209) Importer(815301076,1909f56bfc062723c751e8b465ee728b)  -> (artifact id: '9b3bbca9e1ab80d721baad23201d65e2') in 0.021586 seconds
  Import took 0.024904 seconds .

========================================================================
Received Import Request.
  Time since last request: 0.000228 seconds.
  path: Assets/Modern UI Pack/Fonts/OpenSans-Bold.ttf
  artifactKey: Guid(0a0f067e0cc462b4794bffbe99a92dec) Importer(815301076,1909f56bfc062723c751e8b465ee728b)
Start importing Assets/Modern UI Pack/Fonts/OpenSans-Bold.ttf using Guid(0a0f067e0cc462b4794bffbe99a92dec) Importer(815301076,1909f56bfc062723c751e8b465ee728b)  -> (artifact id: '93fe84f0b93891127bb8c9443ce9e571') in 0.013360 seconds
  Import took 0.017349 seconds .

========================================================================
Received Import Request.
  Time since last request: 0.000252 seconds.
  path: Assets/Modern UI Pack/Fonts/OpenSans-ExtraBold.ttf
  artifactKey: Guid(122834da39c9ff3428f57bd1a15782c4) Importer(815301076,1909f56bfc062723c751e8b465ee728b)
Start importing Assets/Modern UI Pack/Fonts/OpenSans-ExtraBold.ttf using Guid(122834da39c9ff3428f57bd1a15782c4) Importer(815301076,1909f56bfc062723c751e8b465ee728b)  -> (artifact id: '63fbf4f5d54da790a5ce22d08ff71968') in 0.015411 seconds
  Import took 0.017870 seconds .

========================================================================
Received Import Request.
  Time since last request: 0.000268 seconds.
  path: Assets/Modern UI Pack/Fonts/OpenSans-Italic.ttf
  artifactKey: Guid(f534bfbf22b73aa478a30b001a4ff387) Importer(815301076,1909f56bfc062723c751e8b465ee728b)
Start importing Assets/Modern UI Pack/Fonts/OpenSans-Italic.ttf using Guid(f534bfbf22b73aa478a30b001a4ff387) Importer(815301076,1909f56bfc062723c751e8b465ee728b)  -> (artifact id: 'e46d8ea821f3027614a6d4615c7f6e8e') in 0.017109 seconds
  Import took 0.019582 seconds .

========================================================================
Received Import Request.
  Time since last request: 0.000208 seconds.
  path: Assets/Modern UI Pack/Fonts/OpenSans-Regular.ttf
  artifactKey: Guid(5997fe0be3eb5fd40810e50d6cabb652) Importer(815301076,1909f56bfc062723c751e8b465ee728b)
Start importing Assets/Modern UI Pack/Fonts/OpenSans-Regular.ttf using Guid(5997fe0be3eb5fd40810e50d6cabb652) Importer(815301076,1909f56bfc062723c751e8b465ee728b)  -> (artifact id: '32b080f4e1fcf0585e92e3b364852456') in 0.009887 seconds
  Import took 0.012120 seconds .

========================================================================
Received Import Request.
  Time since last request: 0.009959 seconds.
  path: Assets/Modern UI Pack/Fonts/OpenSans-Regular.ttf
  artifactKey: Guid(5997fe0be3eb5fd40810e50d6cabb652) Importer(815301076,1909f56bfc062723c751e8b465ee728b)
Start importing Assets/Modern UI Pack/Fonts/OpenSans-Regular.ttf using Guid(5997fe0be3eb5fd40810e50d6cabb652) Importer(815301076,1909f56bfc062723c751e8b465ee728b)  -> (artifact id: '32b080f4e1fcf0585e92e3b364852456') in 0.010564 seconds
  Import took 0.014340 seconds .

========================================================================
Received Prepare
Registering precompiled user dll's ...
Registered in 0.000753 seconds.
Begin MonoManager ReloadAssembly
Native extension for LinuxStandalone target not found
Native extension for WindowsStandalone target not found
Native extension for OSXStandalone target not found
Refreshing native plugins compatible for Editor in 0.34 ms, found 0 plugins.
Preloading 0 native plugins for Editor in 0.00 ms.
Invoked RoslynAnalysisRunner static constructor.
RoslynAnalysisRunner will not be running.
RoslynAnalysisRunner has terminated.
Mono: successfully reloaded assembly
- Completed reload, in  0.672 seconds
Platform modules already initialized, skipping
Refreshing native plugins compatible for Editor in 0.34 ms, found 0 plugins.
Preloading 0 native plugins for Editor in 0.00 ms.
Unloading 1500 Unused Serialized files (Serialized files now loaded: 0)
System memory in use before: 95.1 MB.
System memory in use after: 95.1 MB.

Unloading 5 unused Assets to reduce memory usage. Loaded Objects now: 2060.
Total: 2.163400 ms (FindLiveObjects: 0.314600 ms CreateObjectMapping: 0.090400 ms MarkObjects: 1.688000 ms  DeleteObjects: 0.068400 ms)

========================================================================
Received Prepare
Registering precompiled user dll's ...
Registered in 0.001244 seconds.
Begin MonoManager ReloadAssembly
Native extension for LinuxStandalone target not found
Native extension for WindowsStandalone target not found
Native extension for OSXStandalone target not found
Refreshing native plugins compatible for Editor in 0.34 ms, found 0 plugins.
Preloading 0 native plugins for Editor in 0.00 ms.
Invoked RoslynAnalysisRunner static constructor.
RoslynAnalysisRunner will not be running.
RoslynAnalysisRunner has terminated.
Mono: successfully reloaded assembly
- Completed reload, in  1.251 seconds
Platform modules already initialized, skipping
Refreshing native plugins compatible for Editor in 0.60 ms, found 0 plugins.
Preloading 0 native plugins for Editor in 0.00 ms.
Unloading 1500 Unused Serialized files (Serialized files now loaded: 0)
System memory in use before: 95.1 MB.
System memory in use after: 95.2 MB.

Unloading 5 unused Assets to reduce memory usage. Loaded Objects now: 2063.
Total: 3.750100 ms (FindLiveObjects: 0.306900 ms CreateObjectMapping: 0.098400 ms MarkObjects: 3.189200 ms  DeleteObjects: 0.152500 ms)

AssetImportWorkerClient::OnTransportError - code=2 error=End of file
